<?xml version="1.0" encoding="UTF-8"?>
<!-- Generated by org.testng.reporters.JUnitReportReporter -->
<testsuite skipped="0" hostname="PruthviRaj" name="requestMethods.DeleteRequestMethod" tests="1" failures="0" timestamp="2023-01-24T13:30:21 MST" time="7.478" errors="0">
  <testcase name="testcase_delete" time="7.478" classname="requestMethods.DeleteRequestMethod"/>
  <system-out/>
</testsuite> <!-- requestMethods.DeleteRequestMethod -->
