<?xml version="1.0" encoding="UTF-8"?>
<!-- Generated by org.testng.reporters.JUnitReportReporter -->
<testsuite skipped="0" hostname="PruthviRaj" name="requestMethods.GetRequestMethod" tests="2" failures="0" timestamp="2023-01-24T13:21:50 MST" time="5.210" errors="0">
  <testcase name="testGet_1" time="0.432" classname="requestMethods.GetRequestMethod"/>
  <system-out/>
  <testcase name="getUserList" time="4.778" classname="requestMethods.GetRequestMethod"/>
  <system-out/>
</testsuite> <!-- requestMethods.GetRequestMethod -->
