<?xml version="1.0" encoding="UTF-8"?>
<!-- Generated by org.testng.reporters.JUnitReportReporter -->
<testsuite skipped="0" hostname="PruthviRaj" name="requestMethods.TC01_GET" tests="2" failures="0" timestamp="2023-01-19T08:01:02 MST" time="2.650" errors="0">
  <testcase name="getUserList" time="2.117" classname="requestMethods.TC01_GET"/>
  <system-out/>
  <testcase name="testGet_1" time="0.533" classname="requestMethods.TC01_GET"/>
  <system-out/>
</testsuite> <!-- requestMethods.TC01_GET -->
