<?xml version="1.0" encoding="UTF-8"?>
<!-- Generated by org.testng.reporters.JUnitReportReporter -->
<testsuite skipped="0" hostname="PruthviRaj" name="requestMethods.PostRequestMethod" tests="1" failures="0" timestamp="2023-01-24T13:27:06 MST" time="6.398" errors="0">
  <testcase name="test2" time="6.398" classname="requestMethods.PostRequestMethod"/>
  <system-out/>
</testsuite> <!-- requestMethods.PostRequestMethod -->
